<?xml version="1.0" encoding="UTF-8"?>
<!-- Generated by org.testng.reporters.JUnitXMLReporter -->
<testsuite hostname="Meenu-PC" failures="0" tests="5" name="Default test" time="65.617" errors="0" timestamp="10 Aug 2022 15:47:15 GMT">
  <testcase classname="com.TestLayer.fbRegistrationTest" name="registerUserOfTest" time="4.143"/>
  <testcase classname="com.TestLayer.fbRegistrationTest" name="registerUserOfTest" time="7.021"/>
  <testcase classname="com.TestLayer.fbRegistrationTest" name="registerUserOfTest" time="8.892"/>
  <testcase classname="com.TestLayer.fbRegistrationTest" name="registerUserOfTest" time="13.689"/>
  <testcase classname="com.TestLayer.fbRegistrationTest" name="registerUserOfTest" time="18.484"/>
</testsuite> <!-- Default test -->
