<?xml version="1.0" encoding="UTF-8"?>
<!-- Generated by org.testng.reporters.JUnitXMLReporter -->
<testsuite hostname="Meenu-PC" failures="0" tests="8" name="Test in chrome browser" time="58.523" errors="0" timestamp="8 Aug 2022 17:14:04 GMT">
  <testcase classname="practice.Demo1" name="loginFunctionality" time="5.865"/>
  <testcase classname="practice.Demo1" name="validateHomePageTitle" time="0.066"/>
  <testcase classname="practice.Demo1" name="validateHomePageUrl" time="1.386"/>
  <testcase classname="practice.Demo1" name="validateLogo" time="3.361"/>
  <testcase classname="practice.Demo1" name="validateUerisOnPimPAge" time="4.315"/>
  <testcase classname="practice.Demo1" name="createNewEmployee" time="5.49"/>
  <testcase classname="practice.Demo1" name="searchEmployeeonPIMPage" time="3.498"/>
  <testcase classname="practice.Demo1" name="deleteUser" time="2.52"/>
</testsuite> <!-- Test in chrome browser -->
