<?xml version="1.0" encoding="UTF-8"?>
<testng-results total="5" passed="5" failed="0" skipped="0">
  <reporter-output>
  </reporter-output>
  <suite started-at="2022-08-10T15:46:10Z" name="Default suite" finished-at="2022-08-10T15:47:15Z" duration-ms="65617">
    <groups>
    </groups>
    <test started-at="2022-08-10T15:46:10Z" name="Default test" finished-at="2022-08-10T15:47:15Z" duration-ms="65617">
      <class name="com.TestLayer.fbRegistrationTest">
        <test-method is-config="true" signature="setUp()[pri:0, instance:com.TestLayer.fbRegistrationTest@479cbee5]" started-at="2022-08-10T21:16:10Z" name="setUp" finished-at="2022-08-10T21:16:21Z" duration-ms="11518" status="PASS">
          <reporter-output>
          </reporter-output>
        </test-method> <!-- setUp -->
        <test-method signature="registerUserOfTest(java.lang.String, java.lang.String, java.lang.String, java.lang.String, java.lang.String, java.lang.String, java.lang.String, java.lang.String)[pri:0, instance:com.TestLayer.fbRegistrationTest@479cbee5]" started-at="2022-08-10T21:16:23Z" name="registerUserOfTest" data-provider="fbData" finished-at="2022-08-10T21:16:27Z" duration-ms="4143" status="PASS">
          <params>
            <param index="0">
              <value>
                <![CDATA[Meenu]]>
              </value>
            </param>
            <param index="1">
              <value>
                <![CDATA[Auti]]>
              </value>
            </param>
            <param index="2">
              <value>
                <![CDATA[1234567890]]>
              </value>
            </param>
            <param index="3">
              <value>
                <![CDATA[meenu]]>
              </value>
            </param>
            <param index="4">
              <value>
                <![CDATA[9]]>
              </value>
            </param>
            <param index="5">
              <value>
                <![CDATA[Nov]]>
              </value>
            </param>
            <param index="6">
              <value>
                <![CDATA[1993]]>
              </value>
            </param>
            <param index="7">
              <value>
                <![CDATA[Female]]>
              </value>
            </param>
          </params>
          <reporter-output>
          </reporter-output>
        </test-method> <!-- registerUserOfTest -->
        <test-method signature="registerUserOfTest(java.lang.String, java.lang.String, java.lang.String, java.lang.String, java.lang.String, java.lang.String, java.lang.String, java.lang.String)[pri:0, instance:com.TestLayer.fbRegistrationTest@479cbee5]" started-at="2022-08-10T21:16:27Z" name="registerUserOfTest" data-provider="fbData" finished-at="2022-08-10T21:16:34Z" duration-ms="7021" status="PASS">
          <params>
            <param index="0">
              <value>
                <![CDATA[Pavi]]>
              </value>
            </param>
            <param index="1">
              <value>
                <![CDATA[N]]>
              </value>
            </param>
            <param index="2">
              <value>
                <![CDATA[pavi@gmail.com]]>
              </value>
            </param>
            <param index="3">
              <value>
                <![CDATA[pavi]]>
              </value>
            </param>
            <param index="4">
              <value>
                <![CDATA[10]]>
              </value>
            </param>
            <param index="5">
              <value>
                <![CDATA[Mar]]>
              </value>
            </param>
            <param index="6">
              <value>
                <![CDATA[1989]]>
              </value>
            </param>
            <param index="7">
              <value>
                <![CDATA[Male]]>
              </value>
            </param>
          </params>
          <reporter-output>
          </reporter-output>
        </test-method> <!-- registerUserOfTest -->
        <test-method signature="registerUserOfTest(java.lang.String, java.lang.String, java.lang.String, java.lang.String, java.lang.String, java.lang.String, java.lang.String, java.lang.String)[pri:0, instance:com.TestLayer.fbRegistrationTest@479cbee5]" started-at="2022-08-10T21:16:34Z" name="registerUserOfTest" data-provider="fbData" finished-at="2022-08-10T21:16:43Z" duration-ms="8892" status="PASS">
          <params>
            <param index="0">
              <value>
                <![CDATA[Riyu]]>
              </value>
            </param>
            <param index="1">
              <value>
                <![CDATA[Nal]]>
              </value>
            </param>
            <param index="2">
              <value>
                <![CDATA[4325617896]]>
              </value>
            </param>
            <param index="3">
              <value>
                <![CDATA[riyu]]>
              </value>
            </param>
            <param index="4">
              <value>
                <![CDATA[3]]>
              </value>
            </param>
            <param index="5">
              <value>
                <![CDATA[Apr]]>
              </value>
            </param>
            <param index="6">
              <value>
                <![CDATA[1990]]>
              </value>
            </param>
            <param index="7">
              <value>
                <![CDATA[Male]]>
              </value>
            </param>
          </params>
          <reporter-output>
          </reporter-output>
        </test-method> <!-- registerUserOfTest -->
        <test-method signature="registerUserOfTest(java.lang.String, java.lang.String, java.lang.String, java.lang.String, java.lang.String, java.lang.String, java.lang.String, java.lang.String)[pri:0, instance:com.TestLayer.fbRegistrationTest@479cbee5]" started-at="2022-08-10T21:16:43Z" name="registerUserOfTest" data-provider="fbData" finished-at="2022-08-10T21:16:57Z" duration-ms="13689" status="PASS">
          <params>
            <param index="0">
              <value>
                <![CDATA[Amit]]>
              </value>
            </param>
            <param index="1">
              <value>
                <![CDATA[Patil]]>
              </value>
            </param>
            <param index="2">
              <value>
                <![CDATA[4326751278]]>
              </value>
            </param>
            <param index="3">
              <value>
                <![CDATA[amit]]>
              </value>
            </param>
            <param index="4">
              <value>
                <![CDATA[4]]>
              </value>
            </param>
            <param index="5">
              <value>
                <![CDATA[Jan]]>
              </value>
            </param>
            <param index="6">
              <value>
                <![CDATA[2001]]>
              </value>
            </param>
            <param index="7">
              <value>
                <![CDATA[Male]]>
              </value>
            </param>
          </params>
          <reporter-output>
          </reporter-output>
        </test-method> <!-- registerUserOfTest -->
        <test-method signature="registerUserOfTest(java.lang.String, java.lang.String, java.lang.String, java.lang.String, java.lang.String, java.lang.String, java.lang.String, java.lang.String)[pri:0, instance:com.TestLayer.fbRegistrationTest@479cbee5]" started-at="2022-08-10T21:16:57Z" name="registerUserOfTest" data-provider="fbData" finished-at="2022-08-10T21:17:15Z" duration-ms="18484" status="PASS">
          <params>
            <param index="0">
              <value>
                <![CDATA[Vijaya]]>
              </value>
            </param>
            <param index="1">
              <value>
                <![CDATA[Pande]]>
              </value>
            </param>
            <param index="2">
              <value>
                <![CDATA[1235423123]]>
              </value>
            </param>
            <param index="3">
              <value>
                <![CDATA[viju]]>
              </value>
            </param>
            <param index="4">
              <value>
                <![CDATA[25]]>
              </value>
            </param>
            <param index="5">
              <value>
                <![CDATA[Sep]]>
              </value>
            </param>
            <param index="6">
              <value>
                <![CDATA[1995]]>
              </value>
            </param>
            <param index="7">
              <value>
                <![CDATA[Female]]>
              </value>
            </param>
          </params>
          <reporter-output>
          </reporter-output>
        </test-method> <!-- registerUserOfTest -->
        <test-method is-config="true" signature="tearDown()[pri:0, instance:com.TestLayer.fbRegistrationTest@479cbee5]" started-at="2022-08-10T21:17:15Z" name="tearDown" finished-at="2022-08-10T21:17:15Z" duration-ms="145" status="PASS">
          <reporter-output>
          </reporter-output>
        </test-method> <!-- tearDown -->
      </class> <!-- com.TestLayer.fbRegistrationTest -->
    </test> <!-- Default test -->
  </suite> <!-- Default suite -->
</testng-results>
